<?xml version="1.0" encoding="UTF-8"?>
<!-- Generated by org.testng.reporters.JUnitXMLReporter -->
<testsuite hostname="DESKTOP-V123S32" ignored="0" name="Login Test" tests="3" failures="1" timestamp="2020-05-20T16:03:37 IST" time="34.645" errors="0">
  <testcase name="loginTest" time="33.18" classname="com.zoho.suite.testcases.login.LoginTest">
    <failure type="java.lang.AssertionError" message="The following asserts failed:
	Text not Matching. Got text as Your Life&amp;apos;s Work, Powered By Our Life&amp;apos;s Work,
	Could enter valid username Y">
      <![CDATA[java.lang.AssertionError: The following asserts failed:
Text not Matching. Got text as Your Life's Work, Powered By Our Life's Work,
Could enter valid username Y
at com.zoho.web.ZohoValidationDriver.assertAll(ZohoValidationDriver.java:94)
at com.zoho.web.ZohoValidationDriver.fail(ZohoValidationDriver.java:133)
at com.zoho.suite.testcases.login.LoginTest.loginTest(LoginTest.java:75)
at java.util.ArrayList.forEach(ArrayList.java:1257)
at java.util.concurrent.ThreadPoolExecutor.runWorker(ThreadPoolExecutor.java:1149)
at java.util.concurrent.ThreadPoolExecutor$Worker.run(ThreadPoolExecutor.java:624)
at java.lang.Thread.run(Thread.java:748)
... Removed 22 stack frames]]>
    </failure>
  </testcase> <!-- loginTest -->
  <testcase name="loginTest" time="0.0" classname="com.zoho.suite.testcases.login.LoginTest">
    <skipped/>
  </testcase> <!-- loginTest -->
  <testcase name="loginTest" time="0.001" classname="com.zoho.suite.testcases.login.LoginTest">
    <skipped/>
  </testcase> <!-- loginTest -->
</testsuite> <!-- Login Test -->
